<?xml version="1.0" encoding="UTF-8"?>
<!-- Generated by org.testng.reporters.JUnitXMLReporter -->
<testsuite hostname="JEEVAN" ignored="0" name="Surefire test" tests="5" failures="0" timestamp="16 Sep 2018 02:15:36 GMT" time="15.182" errors="0">
  <testcase name="verifyLogoPresence" time="0.425" classname="com.sp.SPMaven.SimplePracticeHomePageTest"/>
  <testcase name="upgradeMyAccountShouldBeVisible" time="0.03" classname="com.sp.SPMaven.SimplePracticeHomePageTest"/>
  <testcase name="createBtnShouldBeVisible" time="0.04" classname="com.sp.SPMaven.SimplePracticeHomePageTest"/>
  <testcase name="searchBarShouldBeVisible" time="0.025" classname="com.sp.SPMaven.SimplePracticeHomePageTest"/>
  <testcase name="helpButtonShouldBeVisible" time="0.04" classname="com.sp.SPMaven.SimplePracticeHomePageTest"/>
</testsuite> <!-- Surefire test -->
