<?xml version="1.0" encoding="UTF-8"?>
<testsuite xmlns:xsi="http://www.w3.org/2001/XMLSchema-instance" xsi:noNamespaceSchemaLocation="https://maven.apache.org/surefire/maven-surefire-plugin/xsd/surefire-test-report.xsd" name="com.sp.SPMaven.SimplePracticeHomePageTest" time="15.624" tests="5" errors="0" skipped="0" failures="0">
  <properties>
[...]
</properties>
  <testcase name="verifyLogoPresence" classname="com.sp.SPMaven.SimplePracticeHomePageTest" time="0.425"/>
  <testcase name="upgradeMyAccountShouldBeVisible" classname="com.sp.SPMaven.SimplePracticeHomePageTest" time="0.03"/>
  <testcase name="createBtnShouldBeVisible" classname="com.sp.SPMaven.SimplePracticeHomePageTest" time="0.04"/>
  <testcase name="searchBarShouldBeVisible" classname="com.sp.SPMaven.SimplePracticeHomePageTest" time="0.035"/>
  <testcase name="helpButtonShouldBeVisible" classname="com.sp.SPMaven.SimplePracticeHomePageTest" time="0.04"/>
</testsuite>