<?xml version="1.0" encoding="UTF-8"?>
<testng-results skipped="0" failed="0" ignored="0" total="5" passed="5">
  <reporter-output>
  </reporter-output>
  <suite name="Surefire suite" duration-ms="15182" started-at="2018-09-16T02:15:21Z" finished-at="2018-09-16T02:15:36Z">
    <groups>
    </groups>
    <test name="Surefire test" duration-ms="15182" started-at="2018-09-16T02:15:21Z" finished-at="2018-09-16T02:15:36Z">
      <class name="com.sp.SPMaven.SimplePracticeHomePageTest">
        <test-method status="PASS" signature="setUp()[pri:0, instance:com.sp.SPMaven.SimplePracticeHomePageTest@6b143ee9]" name="setUp" is-config="true" duration-ms="12255" started-at="2018-09-16T02:15:21Z" finished-at="2018-09-16T02:15:33Z">
          <reporter-output>
          </reporter-output>
        </test-method> <!-- setUp -->
        <test-method status="PASS" signature="verifyLogoPresence()[pri:1, instance:com.sp.SPMaven.SimplePracticeHomePageTest@6b143ee9]" name="verifyLogoPresence" duration-ms="425" started-at="2018-09-16T02:15:33Z" finished-at="2018-09-16T02:15:34Z">
          <reporter-output>
          </reporter-output>
        </test-method> <!-- verifyLogoPresence -->
        <test-method status="PASS" signature="upgradeMyAccountShouldBeVisible()[pri:3, instance:com.sp.SPMaven.SimplePracticeHomePageTest@6b143ee9]" name="upgradeMyAccountShouldBeVisible" duration-ms="30" started-at="2018-09-16T02:15:34Z" finished-at="2018-09-16T02:15:34Z">
          <reporter-output>
          </reporter-output>
        </test-method> <!-- upgradeMyAccountShouldBeVisible -->
        <test-method status="PASS" signature="createBtnShouldBeVisible()[pri:4, instance:com.sp.SPMaven.SimplePracticeHomePageTest@6b143ee9]" name="createBtnShouldBeVisible" duration-ms="40" started-at="2018-09-16T02:15:34Z" finished-at="2018-09-16T02:15:34Z">
          <reporter-output>
          </reporter-output>
        </test-method> <!-- createBtnShouldBeVisible -->
        <test-method status="PASS" signature="searchBarShouldBeVisible()[pri:5, instance:com.sp.SPMaven.SimplePracticeHomePageTest@6b143ee9]" name="searchBarShouldBeVisible" duration-ms="25" started-at="2018-09-16T02:15:34Z" finished-at="2018-09-16T02:15:34Z">
          <reporter-output>
          </reporter-output>
        </test-method> <!-- searchBarShouldBeVisible -->
        <test-method status="PASS" signature="helpButtonShouldBeVisible()[pri:6, instance:com.sp.SPMaven.SimplePracticeHomePageTest@6b143ee9]" name="helpButtonShouldBeVisible" duration-ms="40" started-at="2018-09-16T02:15:34Z" finished-at="2018-09-16T02:15:34Z">
          <reporter-output>
          </reporter-output>
        </test-method> <!-- helpButtonShouldBeVisible -->
        <test-method status="PASS" signature="browserClose()[pri:0, instance:com.sp.SPMaven.SimplePracticeHomePageTest@6b143ee9]" name="browserClose" is-config="true" duration-ms="2330" started-at="2018-09-16T02:15:34Z" finished-at="2018-09-16T02:15:36Z">
          <reporter-output>
          </reporter-output>
        </test-method> <!-- browserClose -->
      </class> <!-- com.sp.SPMaven.SimplePracticeHomePageTest -->
    </test> <!-- Surefire test -->
  </suite> <!-- Surefire suite -->
</testng-results>
